<html>
<head>
<title>TestNG:  Default test</title>
<link href="../testng.css" rel="stylesheet" type="text/css" />
<link href="../my-testng.css" rel="stylesheet" type="text/css" />

<style type="text/css">
.log { display: none;} 
.stack-trace { display: none;} 
</style>
<script type="text/javascript">
<!--
function flip(e) {
  current = e.style.display;
  if (current == 'block') {
    e.style.display = 'none';
    return 0;
  }
  else {
    e.style.display = 'block';
    return 1;
  }
}

function toggleBox(szDivId, elem, msg1, msg2)
{
  var res = -1;  if (document.getElementById) {
    res = flip(document.getElementById(szDivId));
  }
  else if (document.all) {
    // this is the way old msie versions work
    res = flip(document.all[szDivId]);
  }
  if(elem) {
    if(res == 0) elem.innerHTML = msg1; else elem.innerHTML = msg2;
  }

}

function toggleAllBoxes() {
  if (document.getElementsByTagName) {
    d = document.getElementsByTagName('div');
    for (i = 0; i < d.length; i++) {
      if (d[i].className == 'log') {
        flip(d[i]);
      }
    }
  }
}

// -->
</script>

</head>
<body>
<h2 align='center'>Default test</h2><table border='1' align="center">
<tr>
<td>Tests passed/Failed/Skipped:</td><td>13/3/0</td>
</tr><tr>
<td>Started on:</td><td>Sun Feb 23 19:33:40 EST 2025</td>
</tr>
<tr><td>Total time:</td><td>68 seconds (68509 ms)</td>
</tr><tr>
<td>Included groups:</td><td></td>
</tr><tr>
<td>Excluded groups:</td><td></td>
</tr>
</table><p/>
<small><i>(Hover the method name to see the test class name)</i></small><p/>
<table width='100%' border='1' class='invocation-failed'>
<tr><td colspan='4' align='center'><b>FAILED TESTS</b></td></tr>
<tr><td><b>Test method</b></td>
<td><b>Attribute(s)</b></td>
<td width="30%"><b>Exception</b></td>
<td width="10%"><b>Time (seconds)</b></td>
<td><b>Instance</b></td>
</tr>
<tr>
<td title='dsAlgo_TestRunner.TestRunner.runScenario()'><b>runScenario</b><br>Test class: dsAlgo_TestRunner.TestRunner<br>Test method: Runs Cucumber Scenarios<br>Parameters: "Verify that the user stays on the same page when clicking elsewhere", "Home Page"</td>
<td><div><pre>org.openqa.selenium.NoSuchElementException: no such element: Unable to locate element: {&quot;method&quot;:&quot;xpath&quot;,&quot;selector&quot;:&quot;//h1[text()=&apos;Preparing for the Interviews&apos;]&quot;}
  (Session info: chrome=133.0.6943.126)
For documentation on this error, please visit: https://www.selenium.dev/documentation/webdriver/troubleshooting/errors#no-such-element-exception
Build info: version: &apos;4.28.0&apos;, revision: &apos;ac342546e9&apos;
System info: os.name: &apos;Windows 11&apos;, os.arch: &apos;amd64&apos;, os.version: &apos;10.0&apos;, java.version: &apos;23.0.1&apos;
Driver info: org.openqa.selenium.chrome.ChromeDriver
Command: [daa30575d7a6dc5845ba515817504ac1, findElement {value=//h1[text()=&apos;Preparing for the Interviews&apos;], using=xpath}]
Capabilities {acceptInsecureCerts: false, browserName: chrome, browserVersion: 133.0.6943.126, chrome: {chromedriverVersion: 133.0.6943.126 (cffa127ce7b..., userDataDir: C:\Users\rinuh\AppData\Loca...}, fedcm:accounts: true, goog:chromeOptions: {debuggerAddress: localhost:60274}, networkConnectionEnabled: false, pageLoadStrategy: normal, platformName: windows, proxy: Proxy(), se:cdp: ws://localhost:60274/devtoo..., se:cdpVersion: 133.0.6943.126, setWindowRect: true, strictFileInteractability: false, timeouts: {implicit: 0, pageLoad: 300000, script: 30000}, unhandledPromptBehavior: dismiss and notify, webauthn:extension:credBlob: true, webauthn:extension:largeBlob: true, webauthn:extension:minPinLength: true, webauthn:extension:prf: true, webauthn:virtualAuthenticators: true}
Session ID: daa30575d7a6dc5845ba515817504ac1
	at java.base/jdk.internal.reflect.DirectConstructorHandleAccessor.newInstance(DirectConstructorHandleAccessor.java:62)
	at java.base/java.lang.reflect.Constructor.newInstanceWithCaller(Constructor.java:501)
	at java.base/java.lang.reflect.Constructor.newInstance(Constructor.java:485)
	at org.openqa.selenium.remote.ErrorCodec.decode(ErrorCodec.java:167)
	at org.openqa.selenium.remote.codec.w3c.W3CHttpResponseCodec.decode(W3CHttpResponseCodec.java:138)
	at org.openqa.selenium.remote.codec.w3c.W3CHttpResponseCodec.decode(W3CHttpResponseCodec.java:50)
	at org.openqa.selenium.remote.HttpCommandExecutor.execute(HttpCommandExecutor.java:215)
	at org.openqa.selenium.remote.service.DriverCommandExecutor.invokeExecute(DriverCommandExecutor.java:216)
	at org.openqa.selenium.remote.service.DriverCommandExecutor.execute(DriverCommandExecutor.java:174)
	at org.openqa.selenium.remote.RemoteWebDriver.execute(RemoteWebDriver.java:545)
	at org.openqa.selenium.remote.ElementLocation$ElementFinder$2.findElement(ElementLocation.java:165)
	at org.openqa.selenium.remote.ElementLocation.findElement(ElementLocation.java:59)
	at org.openqa.selenium.remote.RemoteWebDriver.findElement(RemoteWebDriver.java:368)
	at org.openqa.selenium.remote.RemoteWebDriver.findElement(RemoteWebDriver.java:362)
	at org.openqa.selenium.support.pagefactory.DefaultElementLocator.findElement(DefaultElementLocator.java:68)
	at org.openqa.selenium.support.pagefactory.internal.LocatingElementHandler.invoke(LocatingElementHandler.java:38)
	at jdk.proxy2/jdk.proxy2.$Proxy43.click(Unknown Source)
	at dsAlgo_PageFactory.Home_PageFactory.randomClickMethod(Home_PageFactory.java:103)
	at dsAlgo_StepDefinition.Home.user_clicks_on_the_launch_page_other_than_the_get_started(Home.java:95)
	at ✽.User clicks on the launch page other than the Get Started(file:///C:/Users/rinuh/git/DsAlgo_CodeCrackers_BDD/src/test/resources/features/Home.feature:42)
</pre></div><a href='#' onClick='toggleBox("stack-trace2022841234", this, "Click to show all stack frames", "Click to hide stack frames")'>Click to show all stack frames</a>
<div class='stack-trace' id='stack-trace2022841234'><pre>org.openqa.selenium.NoSuchElementException: no such element: Unable to locate element: {&quot;method&quot;:&quot;xpath&quot;,&quot;selector&quot;:&quot;//h1[text()=&apos;Preparing for the Interviews&apos;]&quot;}
  (Session info: chrome=133.0.6943.126)
For documentation on this error, please visit: https://www.selenium.dev/documentation/webdriver/troubleshooting/errors#no-such-element-exception
Build info: version: &apos;4.28.0&apos;, revision: &apos;ac342546e9&apos;
System info: os.name: &apos;Windows 11&apos;, os.arch: &apos;amd64&apos;, os.version: &apos;10.0&apos;, java.version: &apos;23.0.1&apos;
Driver info: org.openqa.selenium.chrome.ChromeDriver
Command: [daa30575d7a6dc5845ba515817504ac1, findElement {value=//h1[text()=&apos;Preparing for the Interviews&apos;], using=xpath}]
Capabilities {acceptInsecureCerts: false, browserName: chrome, browserVersion: 133.0.6943.126, chrome: {chromedriverVersion: 133.0.6943.126 (cffa127ce7b..., userDataDir: C:\Users\rinuh\AppData\Loca...}, fedcm:accounts: true, goog:chromeOptions: {debuggerAddress: localhost:60274}, networkConnectionEnabled: false, pageLoadStrategy: normal, platformName: windows, proxy: Proxy(), se:cdp: ws://localhost:60274/devtoo..., se:cdpVersion: 133.0.6943.126, setWindowRect: true, strictFileInteractability: false, timeouts: {implicit: 0, pageLoad: 300000, script: 30000}, unhandledPromptBehavior: dismiss and notify, webauthn:extension:credBlob: true, webauthn:extension:largeBlob: true, webauthn:extension:minPinLength: true, webauthn:extension:prf: true, webauthn:virtualAuthenticators: true}
Session ID: daa30575d7a6dc5845ba515817504ac1
	at java.base/jdk.internal.reflect.DirectConstructorHandleAccessor.newInstance(DirectConstructorHandleAccessor.java:62)
	at java.base/java.lang.reflect.Constructor.newInstanceWithCaller(Constructor.java:501)
	at java.base/java.lang.reflect.Constructor.newInstance(Constructor.java:485)
	at org.openqa.selenium.remote.ErrorCodec.decode(ErrorCodec.java:167)
	at org.openqa.selenium.remote.codec.w3c.W3CHttpResponseCodec.decode(W3CHttpResponseCodec.java:138)
	at org.openqa.selenium.remote.codec.w3c.W3CHttpResponseCodec.decode(W3CHttpResponseCodec.java:50)
	at org.openqa.selenium.remote.HttpCommandExecutor.execute(HttpCommandExecutor.java:215)
	at org.openqa.selenium.remote.service.DriverCommandExecutor.invokeExecute(DriverCommandExecutor.java:216)
	at org.openqa.selenium.remote.service.DriverCommandExecutor.execute(DriverCommandExecutor.java:174)
	at org.openqa.selenium.remote.RemoteWebDriver.execute(RemoteWebDriver.java:545)
	at org.openqa.selenium.remote.ElementLocation$ElementFinder$2.findElement(ElementLocation.java:165)
	at org.openqa.selenium.remote.ElementLocation.findElement(ElementLocation.java:59)
	at org.openqa.selenium.remote.RemoteWebDriver.findElement(RemoteWebDriver.java:368)
	at org.openqa.selenium.remote.RemoteWebDriver.findElement(RemoteWebDriver.java:362)
	at org.openqa.selenium.support.pagefactory.DefaultElementLocator.findElement(DefaultElementLocator.java:68)
	at org.openqa.selenium.support.pagefactory.internal.LocatingElementHandler.invoke(LocatingElementHandler.java:38)
	at jdk.proxy2/jdk.proxy2.$Proxy43.click(Unknown Source)
	at dsAlgo_PageFactory.Home_PageFactory.randomClickMethod(Home_PageFactory.java:103)
	at dsAlgo_StepDefinition.Home.user_clicks_on_the_launch_page_other_than_the_get_started(Home.java:95)
	at ✽.User clicks on the launch page other than the Get Started(file:///C:/Users/rinuh/git/DsAlgo_CodeCrackers_BDD/src/test/resources/features/Home.feature:42)
</pre></div></td>
<td>30</td>
<td>dsAlgo_TestRunner.TestRunner@59e505b2</td></tr>
<tr>
<td title='dsAlgo_TestRunner.TestRunner.runScenario()'><b>runScenario</b><br>Test class: dsAlgo_TestRunner.TestRunner<br>Test method: Runs Cucumber Scenarios<br>Parameters: "Verify that the user is restricted from navigating to the home page", "Home Page"</td>
<td><div><pre>org.openqa.selenium.NoSuchElementException: no such element: Unable to locate element: {&quot;method&quot;:&quot;xpath&quot;,&quot;selector&quot;:&quot;//h1[text()=&apos;Preparing for the Interviews&apos;]&quot;}
  (Session info: chrome=133.0.6943.126)
For documentation on this error, please visit: https://www.selenium.dev/documentation/webdriver/troubleshooting/errors#no-such-element-exception
Build info: version: &apos;4.28.0&apos;, revision: &apos;ac342546e9&apos;
System info: os.name: &apos;Windows 11&apos;, os.arch: &apos;amd64&apos;, os.version: &apos;10.0&apos;, java.version: &apos;23.0.1&apos;
Driver info: org.openqa.selenium.chrome.ChromeDriver
Command: [1e7545b4056bb7bb8cc493a90352cfad, findElement {value=//h1[text()=&apos;Preparing for the Interviews&apos;], using=xpath}]
Capabilities {acceptInsecureCerts: false, browserName: chrome, browserVersion: 133.0.6943.126, chrome: {chromedriverVersion: 133.0.6943.126 (cffa127ce7b..., userDataDir: C:\Users\rinuh\AppData\Loca...}, fedcm:accounts: true, goog:chromeOptions: {debuggerAddress: localhost:60278}, networkConnectionEnabled: false, pageLoadStrategy: normal, platformName: windows, proxy: Proxy(), se:cdp: ws://localhost:60278/devtoo..., se:cdpVersion: 133.0.6943.126, setWindowRect: true, strictFileInteractability: false, timeouts: {implicit: 0, pageLoad: 300000, script: 30000}, unhandledPromptBehavior: dismiss and notify, webauthn:extension:credBlob: true, webauthn:extension:largeBlob: true, webauthn:extension:minPinLength: true, webauthn:extension:prf: true, webauthn:virtualAuthenticators: true}
Session ID: 1e7545b4056bb7bb8cc493a90352cfad
	at java.base/jdk.internal.reflect.DirectConstructorHandleAccessor.newInstance(DirectConstructorHandleAccessor.java:62)
	at java.base/java.lang.reflect.Constructor.newInstanceWithCaller(Constructor.java:501)
	at java.base/java.lang.reflect.Constructor.newInstance(Constructor.java:485)
	at org.openqa.selenium.remote.ErrorCodec.decode(ErrorCodec.java:167)
	at org.openqa.selenium.remote.codec.w3c.W3CHttpResponseCodec.decode(W3CHttpResponseCodec.java:138)
	at org.openqa.selenium.remote.codec.w3c.W3CHttpResponseCodec.decode(W3CHttpResponseCodec.java:50)
	at org.openqa.selenium.remote.HttpCommandExecutor.execute(HttpCommandExecutor.java:215)
	at org.openqa.selenium.remote.service.DriverCommandExecutor.invokeExecute(DriverCommandExecutor.java:216)
	at org.openqa.selenium.remote.service.DriverCommandExecutor.execute(DriverCommandExecutor.java:174)
	at org.openqa.selenium.remote.RemoteWebDriver.execute(RemoteWebDriver.java:545)
	at org.openqa.selenium.remote.ElementLocation$ElementFinder$2.findElement(ElementLocation.java:165)
	at org.openqa.selenium.remote.ElementLocation.findElement(ElementLocation.java:59)
	at org.openqa.selenium.remote.RemoteWebDriver.findElement(RemoteWebDriver.java:368)
	at org.openqa.selenium.remote.RemoteWebDriver.findElement(RemoteWebDriver.java:362)
	at org.openqa.selenium.support.pagefactory.DefaultElementLocator.findElement(DefaultElementLocator.java:68)
	at org.openqa.selenium.support.pagefactory.internal.LocatingElementHandler.invoke(LocatingElementHandler.java:38)
	at jdk.proxy2/jdk.proxy2.$Proxy43.click(Unknown Source)
	at dsAlgo_PageFactory.Home_PageFactory.randomClickMethod(Home_PageFactory.java:103)
	at dsAlgo_StepDefinition.Home.user_clicks_on_the_launch_page_other_than_the_get_started_button(Home.java:105)
	at ✽.User clicks on the launch page other than the Get Started button(file:///C:/Users/rinuh/git/DsAlgo_CodeCrackers_BDD/src/test/resources/features/Home.feature:47)
</pre></div><a href='#' onClick='toggleBox("stack-trace791205609", this, "Click to show all stack frames", "Click to hide stack frames")'>Click to show all stack frames</a>
<div class='stack-trace' id='stack-trace791205609'><pre>org.openqa.selenium.NoSuchElementException: no such element: Unable to locate element: {&quot;method&quot;:&quot;xpath&quot;,&quot;selector&quot;:&quot;//h1[text()=&apos;Preparing for the Interviews&apos;]&quot;}
  (Session info: chrome=133.0.6943.126)
For documentation on this error, please visit: https://www.selenium.dev/documentation/webdriver/troubleshooting/errors#no-such-element-exception
Build info: version: &apos;4.28.0&apos;, revision: &apos;ac342546e9&apos;
System info: os.name: &apos;Windows 11&apos;, os.arch: &apos;amd64&apos;, os.version: &apos;10.0&apos;, java.version: &apos;23.0.1&apos;
Driver info: org.openqa.selenium.chrome.ChromeDriver
Command: [1e7545b4056bb7bb8cc493a90352cfad, findElement {value=//h1[text()=&apos;Preparing for the Interviews&apos;], using=xpath}]
Capabilities {acceptInsecureCerts: false, browserName: chrome, browserVersion: 133.0.6943.126, chrome: {chromedriverVersion: 133.0.6943.126 (cffa127ce7b..., userDataDir: C:\Users\rinuh\AppData\Loca...}, fedcm:accounts: true, goog:chromeOptions: {debuggerAddress: localhost:60278}, networkConnectionEnabled: false, pageLoadStrategy: normal, platformName: windows, proxy: Proxy(), se:cdp: ws://localhost:60278/devtoo..., se:cdpVersion: 133.0.6943.126, setWindowRect: true, strictFileInteractability: false, timeouts: {implicit: 0, pageLoad: 300000, script: 30000}, unhandledPromptBehavior: dismiss and notify, webauthn:extension:credBlob: true, webauthn:extension:largeBlob: true, webauthn:extension:minPinLength: true, webauthn:extension:prf: true, webauthn:virtualAuthenticators: true}
Session ID: 1e7545b4056bb7bb8cc493a90352cfad
	at java.base/jdk.internal.reflect.DirectConstructorHandleAccessor.newInstance(DirectConstructorHandleAccessor.java:62)
	at java.base/java.lang.reflect.Constructor.newInstanceWithCaller(Constructor.java:501)
	at java.base/java.lang.reflect.Constructor.newInstance(Constructor.java:485)
	at org.openqa.selenium.remote.ErrorCodec.decode(ErrorCodec.java:167)
	at org.openqa.selenium.remote.codec.w3c.W3CHttpResponseCodec.decode(W3CHttpResponseCodec.java:138)
	at org.openqa.selenium.remote.codec.w3c.W3CHttpResponseCodec.decode(W3CHttpResponseCodec.java:50)
	at org.openqa.selenium.remote.HttpCommandExecutor.execute(HttpCommandExecutor.java:215)
	at org.openqa.selenium.remote.service.DriverCommandExecutor.invokeExecute(DriverCommandExecutor.java:216)
	at org.openqa.selenium.remote.service.DriverCommandExecutor.execute(DriverCommandExecutor.java:174)
	at org.openqa.selenium.remote.RemoteWebDriver.execute(RemoteWebDriver.java:545)
	at org.openqa.selenium.remote.ElementLocation$ElementFinder$2.findElement(ElementLocation.java:165)
	at org.openqa.selenium.remote.ElementLocation.findElement(ElementLocation.java:59)
	at org.openqa.selenium.remote.RemoteWebDriver.findElement(RemoteWebDriver.java:368)
	at org.openqa.selenium.remote.RemoteWebDriver.findElement(RemoteWebDriver.java:362)
	at org.openqa.selenium.support.pagefactory.DefaultElementLocator.findElement(DefaultElementLocator.java:68)
	at org.openqa.selenium.support.pagefactory.internal.LocatingElementHandler.invoke(LocatingElementHandler.java:38)
	at jdk.proxy2/jdk.proxy2.$Proxy43.click(Unknown Source)
	at dsAlgo_PageFactory.Home_PageFactory.randomClickMethod(Home_PageFactory.java:103)
	at dsAlgo_StepDefinition.Home.user_clicks_on_the_launch_page_other_than_the_get_started_button(Home.java:105)
	at ✽.User clicks on the launch page other than the Get Started button(file:///C:/Users/rinuh/git/DsAlgo_CodeCrackers_BDD/src/test/resources/features/Home.feature:47)
</pre></div></td>
<td>31</td>
<td>dsAlgo_TestRunner.TestRunner@59e505b2</td></tr>
<tr>
<td title='dsAlgo_TestRunner.TestRunner.runScenario()'><b>runScenario</b><br>Test class: dsAlgo_TestRunner.TestRunner<br>Test method: Runs Cucumber Scenarios<br>Parameters: "Verify warning message when selecting Graph without signing in", "Home Page"</td>
<td><div><pre>org.openqa.selenium.ElementNotInteractableException: element not interactable
  (Session info: chrome=133.0.6943.126)
Build info: version: &apos;4.28.0&apos;, revision: &apos;ac342546e9&apos;
System info: os.name: &apos;Windows 11&apos;, os.arch: &apos;amd64&apos;, os.version: &apos;10.0&apos;, java.version: &apos;23.0.1&apos;
Driver info: org.openqa.selenium.chrome.ChromeDriver
Command: [10cd48cd282d42f3b01d8d4d901caae1, clickElement {id=f.107D89E12C14F682A1C47FCEB29E3FDB.d.9E34E4761A9DEFFEF1D3AEE8732B8C7D.e.9}]
Capabilities {acceptInsecureCerts: false, browserName: chrome, browserVersion: 133.0.6943.126, chrome: {chromedriverVersion: 133.0.6943.126 (cffa127ce7b..., userDataDir: C:\Users\rinuh\AppData\Loca...}, fedcm:accounts: true, goog:chromeOptions: {debuggerAddress: localhost:60275}, networkConnectionEnabled: false, pageLoadStrategy: normal, platformName: windows, proxy: Proxy(), se:cdp: ws://localhost:60275/devtoo..., se:cdpVersion: 133.0.6943.126, setWindowRect: true, strictFileInteractability: false, timeouts: {implicit: 0, pageLoad: 300000, script: 30000}, unhandledPromptBehavior: dismiss and notify, webauthn:extension:credBlob: true, webauthn:extension:largeBlob: true, webauthn:extension:minPinLength: true, webauthn:extension:prf: true, webauthn:virtualAuthenticators: true}
Element: [[ChromeDriver: chrome on windows (10cd48cd282d42f3b01d8d4d901caae1)] -&gt; xpath: //a[text()=&apos;Graph&apos;]]
Session ID: 10cd48cd282d42f3b01d8d4d901caae1
	at java.base/jdk.internal.reflect.DirectConstructorHandleAccessor.newInstance(DirectConstructorHandleAccessor.java:62)
	at java.base/java.lang.reflect.Constructor.newInstanceWithCaller(Constructor.java:501)
	at java.base/java.lang.reflect.Constructor.newInstance(Constructor.java:485)
	at org.openqa.selenium.remote.ErrorCodec.decode(ErrorCodec.java:167)
	at org.openqa.selenium.remote.codec.w3c.W3CHttpResponseCodec.decode(W3CHttpResponseCodec.java:138)
	at org.openqa.selenium.remote.codec.w3c.W3CHttpResponseCodec.decode(W3CHttpResponseCodec.java:50)
	at org.openqa.selenium.remote.HttpCommandExecutor.execute(HttpCommandExecutor.java:215)
	at org.openqa.selenium.remote.service.DriverCommandExecutor.invokeExecute(DriverCommandExecutor.java:216)
	at org.openqa.selenium.remote.service.DriverCommandExecutor.execute(DriverCommandExecutor.java:174)
	at org.openqa.selenium.remote.RemoteWebDriver.execute(RemoteWebDriver.java:545)
	at org.openqa.selenium.remote.RemoteWebElement.execute(RemoteWebElement.java:223)
	at org.openqa.selenium.remote.RemoteWebElement.click(RemoteWebElement.java:76)
	at java.base/jdk.internal.reflect.DirectMethodHandleAccessor.invoke(DirectMethodHandleAccessor.java:103)
	at java.base/java.lang.reflect.Method.invoke(Method.java:580)
	at org.openqa.selenium.support.pagefactory.internal.LocatingElementHandler.invoke(LocatingElementHandler.java:51)
	at jdk.proxy2/jdk.proxy2.$Proxy43.click(Unknown Source)
	at dsAlgo_PageFactory.Home_PageFactory.graphBtnClick(Home_PageFactory.java:99)
	at dsAlgo_StepDefinition.Home.user_selects_graph_from_the_dropdown_without_signing_in(Home.java:90)
	at ✽.User selects Graph from the dropdown without signing in(file:///C:/Users/rinuh/git/DsAlgo_CodeCrackers_BDD/src/test/resources/features/Home.feature:37)
</pre></div><a href='#' onClick='toggleBox("stack-trace410029755", this, "Click to show all stack frames", "Click to hide stack frames")'>Click to show all stack frames</a>
<div class='stack-trace' id='stack-trace410029755'><pre>org.openqa.selenium.ElementNotInteractableException: element not interactable
  (Session info: chrome=133.0.6943.126)
Build info: version: &apos;4.28.0&apos;, revision: &apos;ac342546e9&apos;
System info: os.name: &apos;Windows 11&apos;, os.arch: &apos;amd64&apos;, os.version: &apos;10.0&apos;, java.version: &apos;23.0.1&apos;
Driver info: org.openqa.selenium.chrome.ChromeDriver
Command: [10cd48cd282d42f3b01d8d4d901caae1, clickElement {id=f.107D89E12C14F682A1C47FCEB29E3FDB.d.9E34E4761A9DEFFEF1D3AEE8732B8C7D.e.9}]
Capabilities {acceptInsecureCerts: false, browserName: chrome, browserVersion: 133.0.6943.126, chrome: {chromedriverVersion: 133.0.6943.126 (cffa127ce7b..., userDataDir: C:\Users\rinuh\AppData\Loca...}, fedcm:accounts: true, goog:chromeOptions: {debuggerAddress: localhost:60275}, networkConnectionEnabled: false, pageLoadStrategy: normal, platformName: windows, proxy: Proxy(), se:cdp: ws://localhost:60275/devtoo..., se:cdpVersion: 133.0.6943.126, setWindowRect: true, strictFileInteractability: false, timeouts: {implicit: 0, pageLoad: 300000, script: 30000}, unhandledPromptBehavior: dismiss and notify, webauthn:extension:credBlob: true, webauthn:extension:largeBlob: true, webauthn:extension:minPinLength: true, webauthn:extension:prf: true, webauthn:virtualAuthenticators: true}
Element: [[ChromeDriver: chrome on windows (10cd48cd282d42f3b01d8d4d901caae1)] -&gt; xpath: //a[text()=&apos;Graph&apos;]]
Session ID: 10cd48cd282d42f3b01d8d4d901caae1
	at java.base/jdk.internal.reflect.DirectConstructorHandleAccessor.newInstance(DirectConstructorHandleAccessor.java:62)
	at java.base/java.lang.reflect.Constructor.newInstanceWithCaller(Constructor.java:501)
	at java.base/java.lang.reflect.Constructor.newInstance(Constructor.java:485)
	at org.openqa.selenium.remote.ErrorCodec.decode(ErrorCodec.java:167)
	at org.openqa.selenium.remote.codec.w3c.W3CHttpResponseCodec.decode(W3CHttpResponseCodec.java:138)
	at org.openqa.selenium.remote.codec.w3c.W3CHttpResponseCodec.decode(W3CHttpResponseCodec.java:50)
	at org.openqa.selenium.remote.HttpCommandExecutor.execute(HttpCommandExecutor.java:215)
	at org.openqa.selenium.remote.service.DriverCommandExecutor.invokeExecute(DriverCommandExecutor.java:216)
	at org.openqa.selenium.remote.service.DriverCommandExecutor.execute(DriverCommandExecutor.java:174)
	at org.openqa.selenium.remote.RemoteWebDriver.execute(RemoteWebDriver.java:545)
	at org.openqa.selenium.remote.RemoteWebElement.execute(RemoteWebElement.java:223)
	at org.openqa.selenium.remote.RemoteWebElement.click(RemoteWebElement.java:76)
	at java.base/jdk.internal.reflect.DirectMethodHandleAccessor.invoke(DirectMethodHandleAccessor.java:103)
	at java.base/java.lang.reflect.Method.invoke(Method.java:580)
	at org.openqa.selenium.support.pagefactory.internal.LocatingElementHandler.invoke(LocatingElementHandler.java:51)
	at jdk.proxy2/jdk.proxy2.$Proxy43.click(Unknown Source)
	at dsAlgo_PageFactory.Home_PageFactory.graphBtnClick(Home_PageFactory.java:99)
	at dsAlgo_StepDefinition.Home.user_selects_graph_from_the_dropdown_without_signing_in(Home.java:90)
	at ✽.User selects Graph from the dropdown without signing in(file:///C:/Users/rinuh/git/DsAlgo_CodeCrackers_BDD/src/test/resources/features/Home.feature:37)
</pre></div></td>
<td>29</td>
<td>dsAlgo_TestRunner.TestRunner@59e505b2</td></tr>
</table><p>
<table width='100%' border='1' class='invocation-passed'>
<tr><td colspan='4' align='center'><b>PASSED TESTS</b></td></tr>
<tr><td><b>Test method</b></td>
<td><b>Attribute(s)</b></td>
<td width="30%"><b>Exception</b></td>
<td width="10%"><b>Time (seconds)</b></td>
<td><b>Instance</b></td>
</tr>
<tr>
<td title='dsAlgo_TestRunner.TestRunner.runScenario()'><b>runScenario</b><br>Test class: dsAlgo_TestRunner.TestRunner<br>Test method: Runs Cucumber Scenarios<br>Parameters: "Verify warning message when selecting Tree without signing in", "Home Page"</td>
<td></td>
<td>30</td>
<td>dsAlgo_TestRunner.TestRunner@59e505b2</td></tr>
<tr>
<td title='dsAlgo_TestRunner.TestRunner.runScenario()'><b>runScenario</b><br>Test class: dsAlgo_TestRunner.TestRunner<br>Test method: Runs Cucumber Scenarios<br>Parameters: "Verify user receives error message for Invalid Username and Password during Login", "Login Functionality"</td>
<td></td>
<td>27</td>
<td>dsAlgo_TestRunner.TestRunner@59e505b2</td></tr>
<tr>
<td title='dsAlgo_TestRunner.TestRunner.runScenario()'><b>runScenario</b><br>Test class: dsAlgo_TestRunner.TestRunner<br>Test method: Runs Cucumber Scenarios<br>Parameters: "Verify user receives error message for Invalid Username and Password during Login", "Login Functionality"</td>
<td></td>
<td>27</td>
<td>dsAlgo_TestRunner.TestRunner@59e505b2</td></tr>
<tr>
<td title='dsAlgo_TestRunner.TestRunner.runScenario()'><b>runScenario</b><br>Test class: dsAlgo_TestRunner.TestRunner<br>Test method: Runs Cucumber Scenarios<br>Parameters: "Verify warning message when selecting Queue without signing in", "Home Page"</td>
<td></td>
<td>29</td>
<td>dsAlgo_TestRunner.TestRunner@59e505b2</td></tr>
<tr>
<td title='dsAlgo_TestRunner.TestRunner.runScenario()'><b>runScenario</b><br>Test class: dsAlgo_TestRunner.TestRunner<br>Test method: Runs Cucumber Scenarios<br>Parameters: "Verify warning message when selecting Arrays without signing in", "Home Page"</td>
<td></td>
<td>30</td>
<td>dsAlgo_TestRunner.TestRunner@59e505b2</td></tr>
<tr>
<td title='dsAlgo_TestRunner.TestRunner.runScenario()'><b>runScenario</b><br>Test class: dsAlgo_TestRunner.TestRunner<br>Test method: Runs Cucumber Scenarios<br>Parameters: "Verify that the user can view Data Structures dropdown options without signing in", "Home Page"</td>
<td></td>
<td>29</td>
<td>dsAlgo_TestRunner.TestRunner@59e505b2</td></tr>
<tr>
<td title='dsAlgo_TestRunner.TestRunner.runScenario()'><b>runScenario</b><br>Test class: dsAlgo_TestRunner.TestRunner<br>Test method: Runs Cucumber Scenarios<br>Parameters: "Verify user receives error message when username and password fields are blank during Login", "Login Functionality"</td>
<td></td>
<td>29</td>
<td>dsAlgo_TestRunner.TestRunner@59e505b2</td></tr>
<tr>
<td title='dsAlgo_TestRunner.TestRunner.runScenario()'><b>runScenario</b><br>Test class: dsAlgo_TestRunner.TestRunner<br>Test method: Runs Cucumber Scenarios<br>Parameters: "Verify warning message when selecting Stack without signing in", "Home Page"</td>
<td></td>
<td>30</td>
<td>dsAlgo_TestRunner.TestRunner@59e505b2</td></tr>
<tr>
<td title='dsAlgo_TestRunner.TestRunner.runScenario()'><b>runScenario</b><br>Test class: dsAlgo_TestRunner.TestRunner<br>Test method: Runs Cucumber Scenarios<br>Parameters: "Verify that the user is able to navigate to the home page", "Home Page"</td>
<td></td>
<td>30</td>
<td>dsAlgo_TestRunner.TestRunner@59e505b2</td></tr>
<tr>
<td title='dsAlgo_TestRunner.TestRunner.runScenario()'><b>runScenario</b><br>Test class: dsAlgo_TestRunner.TestRunner<br>Test method: Runs Cucumber Scenarios<br>Parameters: "Verify warning message when selecting Linked List without signing in", "Home Page"</td>
<td></td>
<td>31</td>
<td>dsAlgo_TestRunner.TestRunner@59e505b2</td></tr>
<tr>
<td title='dsAlgo_TestRunner.TestRunner.runScenario()'><b>runScenario</b><br>Test class: dsAlgo_TestRunner.TestRunner<br>Test method: Runs Cucumber Scenarios<br>Parameters: "Verify that the user is able to click on Get Started button under Linked List section", "Linked List Functionality"</td>
<td></td>
<td>29</td>
<td>dsAlgo_TestRunner.TestRunner@59e505b2</td></tr>
<tr>
<td title='dsAlgo_TestRunner.TestRunner.runScenario()'><b>runScenario</b><br>Test class: dsAlgo_TestRunner.TestRunner<br>Test method: Runs Cucumber Scenarios<br>Parameters: "Verify user enters username and password fields", "Login Functionality"</td>
<td></td>
<td>30</td>
<td>dsAlgo_TestRunner.TestRunner@59e505b2</td></tr>
<tr>
<td title='dsAlgo_TestRunner.TestRunner.runScenario()'><b>runScenario</b><br>Test class: dsAlgo_TestRunner.TestRunner<br>Test method: Runs Cucumber Scenarios<br>Parameters: "Verify user receives error message when username and password fields are blank during Login", "Login Functionality"</td>
<td></td>
<td>29</td>
<td>dsAlgo_TestRunner.TestRunner@59e505b2</td></tr>
</table><p>
</body>
</html>